#
# There is insufficient memory for the Java Runtime Environment to continue.
# Native memory allocation (malloc) failed to allocate 1152176 bytes for Chunk::new
# Possible reasons:
#   The system is out of physical RAM or swap space
#   The process is running with CompressedOops enabled, and the Java Heap may be blocking the growth of the native heap
# Possible solutions:
#   Reduce memory load on the system
#   Increase physical memory or swap space
#   Check if swap backing store is full
#   Decrease Java heap size (-Xmx/-Xms)
#   Decrease number of Java threads
#   Decrease Java thread stack sizes (-Xss)
#   Set larger code cache with -XX:ReservedCodeCacheSize=
#   JVM is running with Unscaled Compressed Oops mode in which the Java heap is
#     placed in the first 4GB address space. The Java Heap base address is the
#     maximum limit for the native heap growth. Please use -XX:HeapBaseMinAddress
#     to set the Java Heap base and to place the Java Heap above 4GB virtual address.
# This output file may be truncated or incomplete.
#
#  Out of Memory Error (allocation.cpp:389), pid=17736, tid=0x0000000000001998
#
# JRE version: OpenJDK Runtime Environment (8.0_242-b01) (build 1.8.0_242-release-1644-b01)
# Java VM: OpenJDK 64-Bit Server VM (25.242-b01 mixed mode windows-amd64 compressed oops)
# Failed to write core dump. Minidumps are not enabled by default on client versions of Windows
#

---------------  T H R E A D  ---------------

Current thread (0x0000000015ebd000):  JavaThread "C2 CompilerThread1" daemon [_thread_in_native, id=6552, stack(0x0000000017610000,0x0000000017710000)]

Stack: [0x0000000017610000,0x0000000017710000]
[error occurred during error reporting (printing stack bounds), id 0xc0000005]

Native frames: (J=compiled Java code, j=interpreted, Vv=VM code, C=native code)


Current CompileTask:
C2:  18940 5720 %     4       org.gradle.internal.instantiation.generator.AbstractClassGenerator::inspectType @ 77 (560 bytes)


---------------  P R O C E S S  ---------------

Java Threads: ( => current thread )
  0x000000001f780800 JavaThread "Cache worker for execution history cache (C:\Users\79507\MyMaster\.gradle\6.5\executionHistory)" [_thread_blocked, id=17808, stack(0x000000002a730000,0x000000002a830000)]
  0x0000000018eb7000 JavaThread "pool-1-thread-1" [_thread_blocked, id=4424, stack(0x00000000294e0000,0x00000000295e0000)]
  0x0000000018eb5800 JavaThread "jar transforms Thread 113" [_thread_blocked, id=14840, stack(0x00000000291e0000,0x00000000292e0000)]
  0x0000000018eba000 JavaThread "jar transforms Thread 112" [_thread_blocked, id=13152, stack(0x00000000290e0000,0x00000000291e0000)]
  0x0000000018eb9800 JavaThread "jar transforms Thread 111" [_thread_blocked, id=12684, stack(0x0000000028fe0000,0x00000000290e0000)]
  0x0000000018eb8800 JavaThread "jar transforms Thread 110" [_thread_blocked, id=968, stack(0x0000000028ee0000,0x0000000028fe0000)]
  0x0000000018eac800 JavaThread "jar transforms Thread 109" [_thread_blocked, id=16432, stack(0x0000000028de0000,0x0000000028ee0000)]
  0x0000000018eb3800 JavaThread "jar transforms Thread 108" [_thread_blocked, id=20156, stack(0x0000000028ce0000,0x0000000028de0000)]
  0x0000000018eb2800 JavaThread "jar transforms Thread 107" [_thread_blocked, id=11228, stack(0x0000000028be0000,0x0000000028ce0000)]
  0x0000000018eab000 JavaThread "jar transforms Thread 106" [_thread_blocked, id=6220, stack(0x0000000028ae0000,0x0000000028be0000)]
  0x0000000018eaf000 JavaThread "jar transforms Thread 105" [_thread_blocked, id=5304, stack(0x00000000289e0000,0x0000000028ae0000)]
  0x0000000018eac000 JavaThread "jar transforms Thread 104" [_thread_blocked, id=19424, stack(0x00000000288e0000,0x00000000289e0000)]
  0x0000000018eb1000 JavaThread "jar transforms Thread 103" [_thread_blocked, id=18608, stack(0x00000000287e0000,0x00000000288e0000)]
  0x0000000018eb0800 JavaThread "jar transforms Thread 102" [_thread_blocked, id=20068, stack(0x00000000286e0000,0x00000000287e0000)]
  0x0000000018eae000 JavaThread "jar transforms Thread 101" [_thread_blocked, id=2588, stack(0x00000000285e0000,0x00000000286e0000)]
  0x0000000018eaf800 JavaThread "jar transforms Thread 100" [_thread_blocked, id=7876, stack(0x00000000284e0000,0x00000000285e0000)]
  0x0000000018eb2000 JavaThread "jar transforms Thread 99" [_thread_blocked, id=14004, stack(0x00000000283e0000,0x00000000284e0000)]
  0x0000000018ead800 JavaThread "jar transforms Thread 98" [_thread_blocked, id=2412, stack(0x00000000282e0000,0x00000000283e0000)]
  0x000000001d742800 JavaThread "jar transforms Thread 97" [_thread_blocked, id=19928, stack(0x00000000281e0000,0x00000000282e0000)]
  0x000000001d73b000 JavaThread "jar transforms Thread 96" [_thread_blocked, id=12772, stack(0x00000000280e0000,0x00000000281e0000)]
  0x000000001d741000 JavaThread "jar transforms Thread 95" [_thread_blocked, id=14176, stack(0x0000000027fe0000,0x00000000280e0000)]
  0x000000001d740000 JavaThread "jar transforms Thread 94" [_thread_blocked, id=1992, stack(0x0000000027ee0000,0x0000000027fe0000)]
  0x000000001d73b800 JavaThread "jar transforms Thread 93" [_thread_blocked, id=17872, stack(0x0000000027de0000,0x0000000027ee0000)]
  0x000000001d73e800 JavaThread "jar transforms Thread 92" [_thread_blocked, id=11952, stack(0x0000000027ce0000,0x0000000027de0000)]
  0x000000001d73d000 JavaThread "jar transforms Thread 91" [_thread_blocked, id=10732, stack(0x0000000027be0000,0x0000000027ce0000)]
  0x000000001d73e000 JavaThread "jar transforms Thread 90" [_thread_blocked, id=17700, stack(0x0000000027ae0000,0x0000000027be0000)]
  0x000000001d73f800 JavaThread "jar transforms Thread 89" [_thread_blocked, id=1088, stack(0x00000000279e0000,0x0000000027ae0000)]
  0x000000001d741800 JavaThread "jar transforms Thread 88" [_thread_blocked, id=19292, stack(0x00000000278e0000,0x00000000279e0000)]
  0x000000001d73c800 JavaThread "jar transforms Thread 87" [_thread_blocked, id=14364, stack(0x00000000277e0000,0x00000000278e0000)]
  0x000000001d733800 JavaThread "jar transforms Thread 86" [_thread_blocked, id=412, stack(0x00000000276e0000,0x00000000277e0000)]
  0x000000001d73a000 JavaThread "jar transforms Thread 85" [_thread_blocked, id=14296, stack(0x00000000275e0000,0x00000000276e0000)]
  0x000000001d737000 JavaThread "jar transforms Thread 84" [_thread_blocked, id=7068, stack(0x00000000274e0000,0x00000000275e0000)]
  0x000000001d735800 JavaThread "jar transforms Thread 83" [_thread_blocked, id=18296, stack(0x00000000273e0000,0x00000000274e0000)]
  0x000000001d739800 JavaThread "jar transforms Thread 82" [_thread_blocked, id=13636, stack(0x00000000272e0000,0x00000000273e0000)]
  0x000000001d736800 JavaThread "jar transforms Thread 81" [_thread_blocked, id=11348, stack(0x00000000271e0000,0x00000000272e0000)]
  0x000000001d734000 JavaThread "jar transforms Thread 80" [_thread_blocked, id=12392, stack(0x00000000270e0000,0x00000000271e0000)]
  0x000000001d735000 JavaThread "jar transforms Thread 79" [_thread_blocked, id=9028, stack(0x0000000026fe0000,0x00000000270e0000)]
  0x000000001d738800 JavaThread "jar transforms Thread 78" [_thread_blocked, id=18352, stack(0x0000000026ee0000,0x0000000026fe0000)]
  0x000000001d738000 JavaThread "jar transforms Thread 77" [_thread_blocked, id=17328, stack(0x0000000026de0000,0x0000000026ee0000)]
  0x000000001a064800 JavaThread "jar transforms Thread 76" [_thread_blocked, id=6400, stack(0x0000000026ce0000,0x0000000026de0000)]
  0x000000001a063800 JavaThread "jar transforms Thread 75" [_thread_blocked, id=19756, stack(0x0000000026be0000,0x0000000026ce0000)]
  0x000000001a065000 JavaThread "jar transforms Thread 74" [_thread_blocked, id=856, stack(0x0000000026ae0000,0x0000000026be0000)]
  0x000000001a063000 JavaThread "jar transforms Thread 73" [_thread_blocked, id=8096, stack(0x00000000269e0000,0x0000000026ae0000)]
  0x000000001a05b800 JavaThread "jar transforms Thread 72" [_thread_blocked, id=13156, stack(0x00000000268e0000,0x00000000269e0000)]
  0x000000001a062000 JavaThread "jar transforms Thread 71" [_thread_blocked, id=7012, stack(0x00000000267e0000,0x00000000268e0000)]
  0x000000001a05a800 JavaThread "jar transforms Thread 70" [_thread_blocked, id=18228, stack(0x00000000266e0000,0x00000000267e0000)]
  0x000000001a061800 JavaThread "jar transforms Thread 69" [_thread_blocked, id=7960, stack(0x00000000265e0000,0x00000000266e0000)]
  0x000000001a060800 JavaThread "jar transforms Thread 68" [_thread_blocked, id=10604, stack(0x00000000264e0000,0x00000000265e0000)]
  0x000000001a060000 JavaThread "jar transforms Thread 67" [_thread_blocked, id=16876, stack(0x00000000263e0000,0x00000000264e0000)]
  0x000000001a05f000 JavaThread "jar transforms Thread 66" [_thread_blocked, id=18428, stack(0x00000000262e0000,0x00000000263e0000)]
  0x000000001a057800 JavaThread "jar transforms Thread 65" [_thread_blocked, id=18620, stack(0x00000000261e0000,0x00000000262e0000)]
  0x000000001a05e800 JavaThread "jar transforms Thread 64" [_thread_blocked, id=18192, stack(0x00000000260e0000,0x00000000261e0000)]
  0x000000001a057000 JavaThread "jar transforms Thread 63" [_thread_blocked, id=15612, stack(0x0000000025fe0000,0x00000000260e0000)]
  0x000000001a05c000 JavaThread "jar transforms Thread 62" [_thread_blocked, id=9016, stack(0x0000000025ee0000,0x0000000025fe0000)]
  0x000000001a05a000 JavaThread "jar transforms Thread 61" [_thread_blocked, id=9268, stack(0x0000000025de0000,0x0000000025ee0000)]
  0x000000001a059000 JavaThread "jar transforms Thread 60" [_thread_blocked, id=6424, stack(0x0000000025ce0000,0x0000000025de0000)]
  0x000000001a05d800 JavaThread "jar transforms Thread 59" [_thread_blocked, id=1204, stack(0x0000000025be0000,0x0000000025ce0000)]
  0x000000001a058800 JavaThread "jar transforms Thread 58" [_thread_blocked, id=11664, stack(0x0000000025ae0000,0x0000000025be0000)]
  0x000000001a056000 JavaThread "jar transforms Thread 57" [_thread_blocked, id=19232, stack(0x00000000259e0000,0x0000000025ae0000)]
  0x000000001a05d000 JavaThread "jar transforms Thread 56" [_thread_blocked, id=13896, stack(0x00000000258e0000,0x00000000259e0000)]
  0x000000001a306000 JavaThread "jar transforms Thread 55" [_thread_blocked, id=10328, stack(0x00000000257e0000,0x00000000258e0000)]
  0x000000001a304800 JavaThread "jar transforms Thread 54" [_thread_blocked, id=4604, stack(0x00000000256e0000,0x00000000257e0000)]
  0x000000001a304000 JavaThread "jar transforms Thread 53" [_thread_blocked, id=9256, stack(0x00000000255e0000,0x00000000256e0000)]
  0x000000001a305800 JavaThread "jar transforms Thread 52" [_thread_blocked, id=15884, stack(0x00000000254e0000,0x00000000255e0000)]
  0x000000001a303000 JavaThread "jar transforms Thread 51" [_thread_blocked, id=4864, stack(0x00000000253e0000,0x00000000254e0000)]
  0x000000001a302800 JavaThread "jar transforms Thread 50" [_thread_blocked, id=15724, stack(0x00000000252e0000,0x00000000253e0000)]
  0x000000001a301800 JavaThread "jar transforms Thread 49" [_thread_blocked, id=13660, stack(0x00000000251e0000,0x00000000252e0000)]
  0x000000001a2fa000 JavaThread "jar transforms Thread 48" [_thread_blocked, id=18512, stack(0x00000000250e0000,0x00000000251e0000)]
  0x000000001a301000 JavaThread "jar transforms Thread 47" [_thread_blocked, id=14588, stack(0x0000000024fe0000,0x00000000250e0000)]
  0x000000001a2f9800 JavaThread "jar transforms Thread 46" [_thread_blocked, id=19120, stack(0x0000000024ee0000,0x0000000024fe0000)]
  0x000000001a300000 JavaThread "jar transforms Thread 45" [_thread_blocked, id=6368, stack(0x0000000024de0000,0x0000000024ee0000)]
  0x000000001a2f8800 JavaThread "jar transforms Thread 44" [_thread_blocked, id=2432, stack(0x0000000024ce0000,0x0000000024de0000)]
  0x000000001a2ff800 JavaThread "jar transforms Thread 43" [_thread_blocked, id=18824, stack(0x0000000024be0000,0x0000000024ce0000)]
  0x000000001a2fe800 JavaThread "jar transforms Thread 42" [_thread_blocked, id=16220, stack(0x0000000024ae0000,0x0000000024be0000)]
  0x000000001a2f8000 JavaThread "jar transforms Thread 41" [_thread_blocked, id=5096, stack(0x00000000249e0000,0x0000000024ae0000)]
  0x000000001a2f7000 JavaThread "jar transforms Thread 40" [_thread_blocked, id=10084, stack(0x00000000248e0000,0x00000000249e0000)]
  0x000000001a2fe000 JavaThread "jar transforms Thread 39" [_thread_blocked, id=18292, stack(0x00000000247e0000,0x00000000248e0000)]
  0x000000001a2fd000 JavaThread "jar transforms Thread 38" [_thread_blocked, id=880, stack(0x00000000246e0000,0x00000000247e0000)]
  0x000000001a2fc800 JavaThread "jar transforms Thread 37" [_thread_blocked, id=8016, stack(0x00000000245e0000,0x00000000246e0000)]
  0x000000001a2fb000 JavaThread "jar transforms Thread 36" [_thread_blocked, id=9804, stack(0x00000000244e0000,0x00000000245e0000)]
  0x000000001a2fb800 JavaThread "jar transforms Thread 35" [_thread_blocked, id=2316, stack(0x00000000243e0000,0x00000000244e0000)]
  0x000000001c975000 JavaThread "jar transforms Thread 34" [_thread_blocked, id=16732, stack(0x00000000242e0000,0x00000000243e0000)]
  0x000000001c974800 JavaThread "jar transforms Thread 33" [_thread_blocked, id=17900, stack(0x00000000241e0000,0x00000000242e0000)]
  0x000000001c973800 JavaThread "jar transforms Thread 32" [_thread_blocked, id=11340, stack(0x00000000240e0000,0x00000000241e0000)]
  0x000000001c973000 JavaThread "jar transforms Thread 31" [_thread_blocked, id=2376, stack(0x0000000023fe0000,0x00000000240e0000)]
  0x000000001c96b800 JavaThread "jar transforms Thread 30" [_thread_blocked, id=12868, stack(0x0000000023ee0000,0x0000000023fe0000)]
  0x000000001c972000 JavaThread "jar transforms Thread 29" [_thread_blocked, id=14448, stack(0x0000000023de0000,0x0000000023ee0000)]
  0x000000001c971800 JavaThread "jar transforms Thread 28" [_thread_blocked, id=17028, stack(0x0000000023ce0000,0x0000000023de0000)]
  0x000000001c970800 JavaThread "jar transforms Thread 27" [_thread_blocked, id=17280, stack(0x0000000023be0000,0x0000000023ce0000)]
  0x000000001c969000 JavaThread "jar transforms Thread 26" [_thread_blocked, id=10988, stack(0x0000000022910000,0x0000000022a10000)]
  0x000000001c96f000 JavaThread "Build operations Thread 4" [_thread_blocked, id=11028, stack(0x0000000022810000,0x0000000022910000)]
  0x000000001c970000 JavaThread "Build operations Thread 3" [_thread_blocked, id=5388, stack(0x0000000022710000,0x0000000022810000)]
  0x000000001c96a800 JavaThread "Build operations Thread 2" [_thread_blocked, id=12332, stack(0x0000000022610000,0x0000000022710000)]
  0x000000001c968800 JavaThread "Build operations" [_thread_blocked, id=1452, stack(0x0000000022510000,0x0000000022610000)]
  0x000000001c96a000 JavaThread "Cache worker for Build Output Cleanup Cache (C:\Users\79507\MyMaster\.gradle\buildOutputCleanup)" [_thread_blocked, id=8464, stack(0x0000000021bf0000,0x0000000021cf0000)]
  0x000000001c967000 JavaThread "Cache worker for file content cache (C:\Users\79507\.gradle\caches\6.5\fileContent)" [_thread_blocked, id=3004, stack(0x0000000021af0000,0x0000000021bf0000)]
  0x000000001c967800 JavaThread "Cache worker for execution history cache (C:\Users\79507\.gradle\caches\6.5\executionHistory)" [_thread_blocked, id=3976, stack(0x00000000215f0000,0x00000000216f0000)]
  0x000000001a113000 JavaThread "Cache worker for cache directory md-rule (C:\Users\79507\.gradle\caches\6.5\md-rule)" [_thread_blocked, id=6132, stack(0x00000000212f0000,0x00000000213f0000)]
  0x000000001a112800 JavaThread "Cache worker for cache directory md-supplier (C:\Users\79507\.gradle\caches\6.5\md-supplier)" [_thread_blocked, id=13968, stack(0x00000000211f0000,0x00000000212f0000)]
  0x000000001a111000 JavaThread "Cache worker for checksums cache (C:\Users\79507\MyMaster\.gradle\checksums)" [_thread_blocked, id=13732, stack(0x00000000210f0000,0x00000000211f0000)]
  0x000000001a110000 JavaThread "jar transforms Thread 25" [_thread_blocked, id=16744, stack(0x0000000020df0000,0x0000000020ef0000)]
  0x000000001a10f800 JavaThread "jar transforms Thread 24" [_thread_blocked, id=19380, stack(0x0000000020cf0000,0x0000000020df0000)]
  0x000000001a111800 JavaThread "jar transforms Thread 23" [_thread_blocked, id=20360, stack(0x0000000020bf0000,0x0000000020cf0000)]
  0x000000001a108000 JavaThread "jar transforms Thread 22" [_thread_blocked, id=17224, stack(0x0000000020af0000,0x0000000020bf0000)]
  0x000000001a10e800 JavaThread "jar transforms Thread 21" [_thread_blocked, id=10464, stack(0x00000000208f0000,0x00000000209f0000)]
  0x000000001a107000 JavaThread "jar transforms Thread 20" [_thread_blocked, id=9388, stack(0x00000000207f0000,0x00000000208f0000)]
  0x000000001a10e000 JavaThread "jar transforms Thread 19" [_thread_blocked, id=20236, stack(0x00000000206f0000,0x00000000207f0000)]
  0x000000001a10d000 JavaThread "jar transforms Thread 18" [_thread_blocked, id=4876, stack(0x00000000205f0000,0x00000000206f0000)]
  0x000000001a105800 JavaThread "jar transforms Thread 17" [_thread_blocked, id=18900, stack(0x00000000204f0000,0x00000000205f0000)]
  0x000000001a10c800 JavaThread "jar transforms Thread 16" [_thread_blocked, id=16400, stack(0x00000000203f0000,0x00000000204f0000)]
  0x000000001a10b800 JavaThread "jar transforms Thread 15" [_thread_blocked, id=7520, stack(0x00000000202f0000,0x00000000203f0000)]
  0x000000001a105000 JavaThread "jar transforms Thread 14" [_thread_blocked, id=18744, stack(0x00000000201f0000,0x00000000202f0000)]
  0x000000001a10b000 JavaThread "jar transforms Thread 13" [_thread_blocked, id=18000, stack(0x00000000200f0000,0x00000000201f0000)]
  0x000000001a10a000 JavaThread "jar transforms Thread 12" [_thread_blocked, id=1436, stack(0x000000001fff0000,0x00000000200f0000)]
  0x000000001a106800 JavaThread "jar transforms Thread 11" [_thread_blocked, id=18220, stack(0x000000001fef0000,0x000000001fff0000)]
  0x000000001a104000 JavaThread "jar transforms Thread 10" [_thread_blocked, id=2248, stack(0x000000001fdf0000,0x000000001fef0000)]
  0x000000001a108800 JavaThread "jar transforms Thread 9" [_thread_blocked, id=20100, stack(0x000000001fa40000,0x000000001fb40000)]
  0x000000001a109800 JavaThread "jar transforms Thread 8" [_thread_blocked, id=18216, stack(0x000000001f940000,0x000000001fa40000)]
  0x0000000019a4e000 JavaThread "jar transforms Thread 7" [_thread_blocked, id=3352, stack(0x000000001f840000,0x000000001f940000)]
  0x0000000019a53800 JavaThread "jar transforms Thread 6" [_thread_blocked, id=5268, stack(0x000000001e700000,0x000000001e800000)]
  0x0000000019a52800 JavaThread "jar transforms Thread 5" [_thread_blocked, id=14156, stack(0x000000001e600000,0x000000001e700000)]
  0x0000000019a4e800 JavaThread "jar transforms Thread 4" [_thread_blocked, id=17860, stack(0x000000001e500000,0x000000001e600000)]
  0x0000000019a50000 JavaThread "jar transforms Thread 3" [_thread_blocked, id=12768, stack(0x000000001e400000,0x000000001e500000)]
  0x0000000019a4c800 JavaThread "jar transforms Thread 2" [_thread_blocked, id=8316, stack(0x000000001e300000,0x000000001e400000)]
  0x0000000019a4d000 JavaThread "jar transforms" [_thread_blocked, id=18952, stack(0x000000001e200000,0x000000001e300000)]
  0x0000000019a52000 JavaThread "Cache worker for file hash cache (C:\Users\79507\MyMaster\.gradle\6.5\fileHashes)" [_thread_blocked, id=17528, stack(0x000000001e100000,0x000000001e200000)]
  0x0000000019a4f800 JavaThread "Cache worker for file hash cache (C:\Users\79507\.gradle\caches\6.5\fileHashes)" [_thread_blocked, id=8176, stack(0x000000001ce30000,0x000000001cf30000)]
  0x0000000019a51000 JavaThread "File lock request listener" [_thread_in_native, id=15256, stack(0x000000001bd60000,0x000000001be60000)]
  0x0000000019aaa000 JavaThread "Cache worker for journal cache (C:\Users\79507\.gradle\caches\journal-1)" [_thread_blocked, id=13900, stack(0x000000001bc60000,0x000000001bd60000)]
  0x0000000018056000 JavaThread "Thread-9" [_thread_blocked, id=11676, stack(0x000000001b960000,0x000000001ba60000)]
  0x0000000017f82800 JavaThread "Stdin handler" [_thread_blocked, id=14244, stack(0x000000001b860000,0x000000001b960000)]
  0x0000000017f81800 JavaThread "Asynchronous log dispatcher for DefaultDaemonConnection: socket connection from /127.0.0.1:64865 to /127.0.0.1:64866" [_thread_blocked, id=6076, stack(0x000000001b760000,0x000000001b860000)]
  0x00000000178e9800 JavaThread "Daemon worker" [_thread_in_Java, id=10632, stack(0x000000001b660000,0x000000001b760000)]
  0x00000000178e7800 JavaThread "Cancel handler" [_thread_blocked, id=11524, stack(0x000000001b560000,0x000000001b660000)]
  0x0000000019834800 JavaThread "Handler for socket connection from /127.0.0.1:64865 to /127.0.0.1:64866" [_thread_in_native, id=19080, stack(0x000000001b260000,0x000000001b360000)]
  0x0000000019833800 JavaThread "Daemon" [_thread_blocked, id=12428, stack(0x000000001b160000,0x000000001b260000)]
  0x0000000019828800 JavaThread "Daemon periodic checks" [_thread_blocked, id=20284, stack(0x000000001b060000,0x000000001b160000)]
  0x0000000019826800 JavaThread "Incoming local TCP Connector on port 64865" [_thread_in_native, id=9192, stack(0x000000001ae10000,0x000000001af10000)]
  0x0000000019788000 JavaThread "Daemon health stats" [_thread_blocked, id=17556, stack(0x000000001a7b0000,0x000000001a8b0000)]
  0x0000000015f0d800 JavaThread "Service Thread" daemon [_thread_blocked, id=6824, stack(0x0000000017c10000,0x0000000017d10000)]
  0x0000000015ec5800 JavaThread "C1 CompilerThread2" daemon [_thread_in_vm, id=6708, stack(0x0000000017710000,0x0000000017810000)]
=>0x0000000015ebd000 JavaThread "C2 CompilerThread1" daemon [_thread_in_native, id=6552, stack(0x0000000017610000,0x0000000017710000)]
  0x0000000015eb3000 JavaThread "C2 CompilerThread0" daemon [_thread_in_native, id=12824, stack(0x0000000017510000,0x0000000017610000)]
  0x0000000015eb1800 JavaThread "Attach Listener" daemon [_thread_blocked, id=5488, stack(0x0000000017410000,0x0000000017510000)]
  0x0000000015eb8000 JavaThread "Signal Dispatcher" daemon [_thread_blocked, id=12608, stack(0x0000000017310000,0x0000000017410000)]
  0x000000000251c000 JavaThread "Finalizer" daemon [_thread_blocked, id=11360, stack(0x0000000017100000,0x0000000017200000)]
  0x0000000015e99000 JavaThread "Reference Handler" daemon [_thread_blocked, id=2188, stack(0x0000000017000000,0x0000000017100000)]
  0x000000000231d800 JavaThread "main" [_thread_blocked, id=15756, stack(0x0000000002320000,0x0000000002420000)]

Other Threads:
  0x0000000015e76000 VMThread [stack: 0x0000000016f00000,0x0000000017000000] [id=18560]
  0x0000000015f0e800 WatcherThread [stack: 0x0000000017d10000,0x0000000017e10000] [id=7044]

VM state:not at safepoint (normal execution)

VM Mutex/Monitor currently owned by a thread: None

heap address: 0x00000000a0000000, size: 1536 MB, Compressed Oops mode: 32-bit
Narrow klass base: 0x0000000000000000, Narrow klass shift: 3
Compressed class space size: 1073741824 Address: 0x0000000100000000

Heap:
 PSYoungGen      total 322560K, used 145598K [0x00000000e0000000, 0x00000000f9380000, 0x0000000100000000)
  eden space 306176K, 47% used [0x00000000e0000000,0x00000000e8e2fa08,0x00000000f2b00000)
  from space 16384K, 0% used [0x00000000f2b00000,0x00000000f2b00000,0x00000000f3b00000)
  to   space 23040K, 0% used [0x00000000f7d00000,0x00000000f7d00000,0x00000000f9380000)
 ParOldGen       total 102912K, used 40560K [0x00000000a0000000, 0x00000000a6480000, 0x00000000e0000000)
  object space 102912K, 39% used [0x00000000a0000000,0x00000000a279c1b0,0x00000000a6480000)
 Metaspace       used 64394K, capacity 67284K, committed 67476K, reserved 1107968K
  class space    used 8790K, capacity 9366K, committed 9404K, reserved 1048576K

Card table byte_map: [0x00000000118e0000,0x0000000011bf0000] byte_map_base: 0x00000000113e0000

Marking Bits: (ParMarkBitMap*) 0x000000005167f030
 Begin Bits: [0x00000000121f0000, 0x00000000139f0000)
 End Bits:   [0x00000000139f0000, 0x00000000151f0000)

Polling page: 0x00000000022d0000

CodeCache: size=245760Kb used=19569Kb max_used=19682Kb free=226190Kb
 bounds [0x0000000002520000, 0x0000000003870000, 0x0000000011520000]
 total_blobs=6397 nmethods=5610 adapters=698
 compilation: enabled

Compilation events (10 events):
Event: 18.908 Thread 0x0000000015ec5800 6210       3       groovyjarjarasm.asm.SymbolTable::addConstantMemberReference (147 bytes)
Event: 18.910 Thread 0x0000000015ec5800 nmethod 6210 0x0000000002798ed0 code [0x0000000002799120, 0x0000000002799ec8]
Event: 18.920 Thread 0x0000000015ec5800 6211       3       groovyjarjarasm.asm.MethodWriter::visitLabel (328 bytes)
Event: 18.922 Thread 0x0000000015ec5800 nmethod 6211 0x000000000275af90 code [0x000000000275b180, 0x000000000275be08]
Event: 18.924 Thread 0x0000000015ec5800 6212       3       org.gradle.api.internal.provider.AbstractMinimalProvider::calculateValue (15 bytes)
Event: 18.925 Thread 0x0000000015ec5800 nmethod 6212 0x00000000028ff4d0 code [0x00000000028ff660, 0x00000000028ffa08]
Event: 18.925 Thread 0x0000000015ec5800 6213       3       org.gradle.api.internal.provider.ValueSupplier$Present::pushWhenMissing (2 bytes)
Event: 18.925 Thread 0x0000000015ec5800 nmethod 6213 0x0000000002e92b90 code [0x0000000002e92ce0, 0x0000000002e92e30]
Event: 18.925 Thread 0x0000000015ec5800 6214       3       org.codehaus.groovy.runtime.typehandling.DefaultTypeTransformation::castToType (143 bytes)
Event: 18.927 Thread 0x0000000015ec5800 nmethod 6214 0x0000000002ce8910 code [0x0000000002ce8ba0, 0x0000000002ce9a28]

GC Heap History (10 events):
Event: 8.580 GC heap before
{Heap before GC invocations=8 (full 1):
 PSYoungGen      total 187904K, used 80439K [0x00000000e0000000, 0x00000000ed600000, 0x0000000100000000)
  eden space 176640K, 39% used [0x00000000e0000000,0x00000000e438e4a0,0x00000000eac80000)
  from space 11264K, 99% used [0x00000000ecb00000,0x00000000ed5ff908,0x00000000ed600000)
  to   space 13312K, 0% used [0x00000000ebc00000,0x00000000ebc00000,0x00000000ec900000)
 ParOldGen       total 67072K, used 8045K [0x00000000a0000000, 0x00000000a4180000, 0x00000000e0000000)
  object space 67072K, 11% used [0x00000000a0000000,0x00000000a07db4d8,0x00000000a4180000)
 Metaspace       used 34019K, capacity 35262K, committed 35416K, reserved 1079296K
  class space    used 4585K, capacity 4884K, committed 4992K, reserved 1048576K
Event: 8.620 GC heap after
Heap after GC invocations=8 (full 1):
 PSYoungGen      total 205824K, used 10689K [0x00000000e0000000, 0x00000000f4b00000, 0x0000000100000000)
  eden space 192512K, 0% used [0x00000000e0000000,0x00000000e0000000,0x00000000ebc00000)
  from space 13312K, 80% used [0x00000000ebc00000,0x00000000ec670448,0x00000000ec900000)
  to   space 13824K, 0% used [0x00000000f3d80000,0x00000000f3d80000,0x00000000f4b00000)
 ParOldGen       total 67072K, used 8053K [0x00000000a0000000, 0x00000000a4180000, 0x00000000e0000000)
  object space 67072K, 12% used [0x00000000a0000000,0x00000000a07dd4d8,0x00000000a4180000)
 Metaspace       used 34019K, capacity 35262K, committed 35416K, reserved 1079296K
  class space    used 4585K, capacity 4884K, committed 4992K, reserved 1048576K
}
Event: 8.620 GC heap before
{Heap before GC invocations=9 (full 2):
 PSYoungGen      total 205824K, used 10689K [0x00000000e0000000, 0x00000000f4b00000, 0x0000000100000000)
  eden space 192512K, 0% used [0x00000000e0000000,0x00000000e0000000,0x00000000ebc00000)
  from space 13312K, 80% used [0x00000000ebc00000,0x00000000ec670448,0x00000000ec900000)
  to   space 13824K, 0% used [0x00000000f3d80000,0x00000000f3d80000,0x00000000f4b00000)
 ParOldGen       total 67072K, used 8053K [0x00000000a0000000, 0x00000000a4180000, 0x00000000e0000000)
  object space 67072K, 12% used [0x00000000a0000000,0x00000000a07dd4d8,0x00000000a4180000)
 Metaspace       used 34019K, capacity 35262K, committed 35416K, reserved 1079296K
  class space    used 4585K, capacity 4884K, committed 4992K, reserved 1048576K
Event: 8.916 GC heap after
Heap after GC invocations=9 (full 2):
 PSYoungGen      total 205824K, used 0K [0x00000000e0000000, 0x00000000f4b00000, 0x0000000100000000)
  eden space 192512K, 0% used [0x00000000e0000000,0x00000000e0000000,0x00000000ebc00000)
  from space 13312K, 0% used [0x00000000ebc00000,0x00000000ebc00000,0x00000000ec900000)
  to   space 13824K, 0% used [0x00000000f3d80000,0x00000000f3d80000,0x00000000f4b00000)
 ParOldGen       total 102912K, used 17041K [0x00000000a0000000, 0x00000000a6480000, 0x00000000e0000000)
  object space 102912K, 16% used [0x00000000a0000000,0x00000000a10a4528,0x00000000a6480000)
 Metaspace       used 34019K, capacity 35262K, committed 35416K, reserved 1079296K
  class space    used 4585K, capacity 4884K, committed 4992K, reserved 1048576K
}
Event: 12.160 GC heap before
{Heap before GC invocations=10 (full 2):
 PSYoungGen      total 205824K, used 192512K [0x00000000e0000000, 0x00000000f4b00000, 0x0000000100000000)
  eden space 192512K, 100% used [0x00000000e0000000,0x00000000ebc00000,0x00000000ebc00000)
  from space 13312K, 0% used [0x00000000ebc00000,0x00000000ebc00000,0x00000000ec900000)
  to   space 13824K, 0% used [0x00000000f3d80000,0x00000000f3d80000,0x00000000f4b00000)
 ParOldGen       total 102912K, used 17041K [0x00000000a0000000, 0x00000000a6480000, 0x00000000e0000000)
  object space 102912K, 16% used [0x00000000a0000000,0x00000000a10a4528,0x00000000a6480000)
 Metaspace       used 44092K, capacity 46148K, committed 46424K, reserved 1089536K
  class space    used 6018K, capacity 6444K, committed 6528K, reserved 1048576K
Event: 12.193 GC heap after
Heap after GC invocations=10 (full 2):
 PSYoungGen      total 300544K, used 13806K [0x00000000e0000000, 0x00000000f4b00000, 0x0000000100000000)
  eden space 286720K, 0% used [0x00000000e0000000,0x00000000e0000000,0x00000000f1800000)
  from space 13824K, 99% used [0x00000000f3d80000,0x00000000f4afb870,0x00000000f4b00000)
  to   space 16384K, 0% used [0x00000000f2b00000,0x00000000f2b00000,0x00000000f3b00000)
 ParOldGen       total 102912K, used 19329K [0x00000000a0000000, 0x00000000a6480000, 0x00000000e0000000)
  object space 102912K, 18% used [0x00000000a0000000,0x00000000a12e0520,0x00000000a6480000)
 Metaspace       used 44092K, capacity 46148K, committed 46424K, reserved 1089536K
  class space    used 6018K, capacity 6444K, committed 6528K, reserved 1048576K
}
Event: 15.359 GC heap before
{Heap before GC invocations=11 (full 2):
 PSYoungGen      total 300544K, used 171330K [0x00000000e0000000, 0x00000000f4b00000, 0x0000000100000000)
  eden space 286720K, 54% used [0x00000000e0000000,0x00000000e99d5148,0x00000000f1800000)
  from space 13824K, 99% used [0x00000000f3d80000,0x00000000f4afb870,0x00000000f4b00000)
  to   space 16384K, 0% used [0x00000000f2b00000,0x00000000f2b00000,0x00000000f3b00000)
 ParOldGen       total 102912K, used 19329K [0x00000000a0000000, 0x00000000a6480000, 0x00000000e0000000)
  object space 102912K, 18% used [0x00000000a0000000,0x00000000a12e0520,0x00000000a6480000)
 Metaspace       used 56520K, capacity 58950K, committed 59028K, reserved 1099776K
  class space    used 7591K, capacity 8093K, committed 8124K, reserved 1048576K
Event: 15.439 GC heap after
Heap after GC invocations=11 (full 2):
 PSYoungGen      total 322560K, used 16380K [0x00000000e0000000, 0x00000000f9380000, 0x0000000100000000)
  eden space 306176K, 0% used [0x00000000e0000000,0x00000000e0000000,0x00000000f2b00000)
  from space 16384K, 99% used [0x00000000f2b00000,0x00000000f3aff350,0x00000000f3b00000)
  to   space 23040K, 0% used [0x00000000f7d00000,0x00000000f7d00000,0x00000000f9380000)
 ParOldGen       total 102912K, used 29975K [0x00000000a0000000, 0x00000000a6480000, 0x00000000e0000000)
  object space 102912K, 29% used [0x00000000a0000000,0x00000000a1d45f38,0x00000000a6480000)
 Metaspace       used 56520K, capacity 58950K, committed 59028K, reserved 1099776K
  class space    used 7591K, capacity 8093K, committed 8124K, reserved 1048576K
}
Event: 15.439 GC heap before
{Heap before GC invocations=12 (full 3):
 PSYoungGen      total 322560K, used 16380K [0x00000000e0000000, 0x00000000f9380000, 0x0000000100000000)
  eden space 306176K, 0% used [0x00000000e0000000,0x00000000e0000000,0x00000000f2b00000)
  from space 16384K, 99% used [0x00000000f2b00000,0x00000000f3aff350,0x00000000f3b00000)
  to   space 23040K, 0% used [0x00000000f7d00000,0x00000000f7d00000,0x00000000f9380000)
 ParOldGen       total 102912K, used 29975K [0x00000000a0000000, 0x00000000a6480000, 0x00000000e0000000)
  object space 102912K, 29% used [0x00000000a0000000,0x00000000a1d45f38,0x00000000a6480000)
 Metaspace       used 56520K, capacity 58950K, committed 59028K, reserved 1099776K
  class space    used 7591K, capacity 8093K, committed 8124K, reserved 1048576K
Event: 15.970 GC heap after
Heap after GC invocations=12 (full 3):
 PSYoungGen      total 322560K, used 0K [0x00000000e0000000, 0x00000000f9380000, 0x0000000100000000)
  eden space 306176K, 0% used [0x00000000e0000000,0x00000000e0000000,0x00000000f2b00000)
  from space 16384K, 0% used [0x00000000f2b00000,0x00000000f2b00000,0x00000000f3b00000)
  to   space 23040K, 0% used [0x00000000f7d00000,0x00000000f7d00000,0x00000000f9380000)
 ParOldGen       total 102912K, used 40560K [0x00000000a0000000, 0x00000000a6480000, 0x00000000e0000000)
  object space 102912K, 39% used [0x00000000a0000000,0x00000000a279c1b0,0x00000000a6480000)
 Metaspace       used 56499K, capacity 58878K, committed 59028K, reserved 1099776K
  class space    used 7585K, capacity 8081K, committed 8124K, reserved 1048576K
}

Deoptimization events (10 events):
Event: 18.373 Thread 0x00000000178e9800 Uncommon trap: reason=unstable_if action=reinterpret pc=0x0000000003075d64 method=groovy.lang.MetaClassImpl.checkIfStdMethod(Lgroovy/lang/MetaMethod;)V @ 167
Event: 18.393 Thread 0x00000000178e9800 Uncommon trap: reason=unstable_if action=reinterpret pc=0x000000000307b684 method=groovy.lang.MetaClassImpl.checkIfStdMethod(Lgroovy/lang/MetaMethod;)V @ 167
Event: 18.401 Thread 0x00000000178e9800 Uncommon trap: reason=class_check action=maybe_recompile pc=0x0000000002980cd4 method=groovy.lang.MetaMethod.isStatic()Z @ 1
Event: 18.401 Thread 0x00000000178e9800 Uncommon trap: reason=class_check action=maybe_recompile pc=0x0000000002980cd4 method=groovy.lang.MetaMethod.isStatic()Z @ 1
Event: 18.401 Thread 0x00000000178e9800 Uncommon trap: reason=class_check action=maybe_recompile pc=0x0000000002980cd4 method=groovy.lang.MetaMethod.isStatic()Z @ 1
Event: 18.401 Thread 0x00000000178e9800 Uncommon trap: reason=class_check action=maybe_recompile pc=0x0000000002980cd4 method=groovy.lang.MetaMethod.isStatic()Z @ 1
Event: 18.489 Thread 0x00000000178e9800 Uncommon trap: reason=class_check action=maybe_recompile pc=0x0000000002b35440 method=java.lang.Throwable.<init>(Ljava/lang/String;Ljava/lang/Throwable;)V @ 24
Event: 18.728 Thread 0x00000000178e9800 Uncommon trap: reason=unstable_if action=reinterpret pc=0x0000000003719a60 method=org.objectweb.asm.Type.getType(Ljava/lang/Class;)Lorg/objectweb/asm/Type; @ 33
Event: 18.728 Thread 0x00000000178e9800 Uncommon trap: reason=unstable_if action=reinterpret pc=0x00000000032f2c30 method=org.objectweb.asm.Type.getArgumentsAndReturnSizes(Ljava/lang/String;)I @ 117
Event: 18.728 Thread 0x00000000178e9800 Uncommon trap: reason=unstable_if action=reinterpret pc=0x000000000304dd64 method=org.objectweb.asm.Type.getArgumentsAndReturnSizes(Ljava/lang/String;)I @ 117

Classes redefined (0 events):
No events

Internal exceptions (10 events):
Event: 18.872 Thread 0x00000000178e9800 Exception <a 'java/lang/ClassNotFoundException': com/android/build/gradle/tasks/factory/AndroidUnitTestBeanInfo> (0x00000000e832f7c0) thrown at [C:\src\AOSP-openjdk-git\hotspot\src\share\vm\classfile\systemDictionary.cpp, line 210]
Event: 18.875 Thread 0x00000000178e9800 Exception <a 'java/lang/ClassNotFoundException': org/gradle/api/tasks/testing/TestBeanInfo> (0x00000000e8353868) thrown at [C:\src\AOSP-openjdk-git\hotspot\src\share\vm\classfile\systemDictionary.cpp, line 210]
Event: 18.876 Thread 0x00000000178e9800 Exception <a 'java/lang/ClassNotFoundException': org/gradle/api/tasks/testing/AbstractTestTaskBeanInfo> (0x00000000e837e8d0) thrown at [C:\src\AOSP-openjdk-git\hotspot\src\share\vm\classfile\systemDictionary.cpp, line 210]
Event: 18.879 Thread 0x00000000178e9800 Exception <a 'java/lang/ClassNotFoundException': org/gradle/api/tasks/testing/AbstractTestTaskCustomizer> (0x00000000e83aa438) thrown at [C:\src\AOSP-openjdk-git\hotspot\src\share\vm\classfile\systemDictionary.cpp, line 210]
Event: 18.881 Thread 0x00000000178e9800 Exception <a 'java/lang/ClassNotFoundException': org/gradle/api/tasks/testing/TestCustomizer> (0x00000000e83fddd8) thrown at [C:\src\AOSP-openjdk-git\hotspot\src\share\vm\classfile\systemDictionary.cpp, line 210]
Event: 18.891 Thread 0x00000000178e9800 Exception <a 'java/lang/ClassNotFoundException': com/android/build/gradle/tasks/factory/AndroidUnitTestCustomizer> (0x00000000e84ff428) thrown at [C:\src\AOSP-openjdk-git\hotspot\src\share\vm\classfile\systemDictionary.cpp, line 210]
Event: 18.896 Thread 0x00000000178e9800 Exception <a 'java/lang/ClassNotFoundException': com/android/build/gradle/tasks/factory/AndroidUnitTest_DecoratedCustomizer> (0x00000000e85472a0) thrown at [C:\src\AOSP-openjdk-git\hotspot\src\share\vm\classfile\systemDictionary.cpp, line 210]
Event: 18.935 Thread 0x00000000178e9800 Exception <a 'java/lang/ClassNotFoundException': org/gradle/api/internal/tasks/DefaultSourceSetContainer_DecoratedBeanInfo> (0x00000000e8893ce0) thrown at [C:\src\AOSP-openjdk-git\hotspot\src\share\vm\classfile\systemDictionary.cpp, line 210]
Event: 18.936 Thread 0x00000000178e9800 Exception <a 'java/lang/ClassNotFoundException': org/gradle/api/internal/tasks/DefaultSourceSetContainerBeanInfo> (0x00000000e88c2d30) thrown at [C:\src\AOSP-openjdk-git\hotspot\src\share\vm\classfile\systemDictionary.cpp, line 210]
Event: 18.937 Thread 0x00000000178e9800 Exception <a 'java/lang/ClassNotFoundException': org/gradle/api/internal/tasks/DefaultSourceSetContainerCustomizer> (0x00000000e88f28b8) thrown at [C:\src\AOSP-openjdk-git\hotspot\src\share\vm\classfile\systemDictionary.cpp, line 210]

Events (10 events):
Event: 18.936 loading class org/gradle/api/internal/tasks/DefaultSourceSetContainerBeanInfo
Event: 18.936 loading class org/gradle/api/internal/tasks/DefaultSourceSetContainerBeanInfo done
Event: 18.936 loading class org/gradle/api/internal/tasks/DefaultSourceSetContainerBeanInfo
Event: 18.936 loading class org/gradle/api/internal/tasks/DefaultSourceSetContainerBeanInfo done
Event: 18.936 loading class org/gradle/api/internal/tasks/DefaultSourceSetContainerCustomizer
Event: 18.936 loading class org/gradle/api/internal/tasks/DefaultSourceSetContainerCustomizer done
Event: 18.937 loading class org/gradle/api/internal/tasks/DefaultSourceSetContainerCustomizer
Event: 18.937 loading class org/gradle/api/internal/tasks/DefaultSourceSetContainerCustomizer done
Event: 18.937 loading class org/gradle/api/internal/tasks/DefaultSourceSetContainerCustomizer
Event: 18.937 loading class org/gradle/api/internal/tasks/DefaultSourceSetContainerCustomizer done


Dynamic libraries:
0x00007ff7d1410000 - 0x00007ff7d1441000 	C:\Program Files\Android\Android Studio\jre\bin\java.exe
0x00007ffba7ab0000 - 0x00007ffba7ca5000 	C:\WINDOWS\SYSTEM32\ntdll.dll
0x00007ffba5c00000 - 0x00007ffba5cbe000 	C:\WINDOWS\System32\KERNEL32.DLL
0x00007ffba5300000 - 0x00007ffba55c8000 	C:\WINDOWS\System32\KERNELBASE.dll
0x00007ffba62c0000 - 0x00007ffba636e000 	C:\WINDOWS\System32\ADVAPI32.dll
0x00007ffba5cc0000 - 0x00007ffba5d5e000 	C:\WINDOWS\System32\msvcrt.dll
0x00007ffba6600000 - 0x00007ffba669c000 	C:\WINDOWS\System32\sechost.dll
0x00007ffba6f00000 - 0x00007ffba7025000 	C:\WINDOWS\System32\RPCRT4.dll
0x00007ffba78c0000 - 0x00007ffba7a61000 	C:\WINDOWS\System32\USER32.dll
0x00007ffba5240000 - 0x00007ffba5262000 	C:\WINDOWS\System32\win32u.dll
0x00007ffba5af0000 - 0x00007ffba5b1b000 	C:\WINDOWS\System32\GDI32.dll
0x00007ffba5770000 - 0x00007ffba587d000 	C:\WINDOWS\System32\gdi32full.dll
0x00007ffba55d0000 - 0x00007ffba566d000 	C:\WINDOWS\System32\msvcp_win.dll
0x00007ffba5670000 - 0x00007ffba5770000 	C:\WINDOWS\System32\ucrtbase.dll
0x00007ffb92710000 - 0x00007ffb929aa000 	C:\WINDOWS\WinSxS\amd64_microsoft.windows.common-controls_6595b64144ccf1df_6.0.19041.1110_none_60b5254171f9507e\COMCTL32.dll
0x00007ffba61a0000 - 0x00007ffba61d0000 	C:\WINDOWS\System32\IMM32.DLL
0x0000000050cf0000 - 0x0000000050dc2000 	C:\Program Files\Android\Android Studio\jre\jre\bin\msvcr100.dll
0x0000000050eb0000 - 0x00000000516fb000 	C:\Program Files\Android\Android Studio\jre\jre\bin\server\jvm.dll
0x00007ffba5e40000 - 0x00007ffba5e48000 	C:\WINDOWS\System32\PSAPI.DLL
0x00007ffb8e560000 - 0x00007ffb8e569000 	C:\WINDOWS\SYSTEM32\WSOCK32.dll
0x00007ffb85e20000 - 0x00007ffb85e47000 	C:\WINDOWS\SYSTEM32\WINMM.dll
0x00007ffb98fc0000 - 0x00007ffb98fca000 	C:\WINDOWS\SYSTEM32\VERSION.dll
0x00007ffba6240000 - 0x00007ffba62ab000 	C:\WINDOWS\System32\WS2_32.dll
0x00007ffb9fe20000 - 0x00007ffb9fe2f000 	C:\Program Files\Android\Android Studio\jre\jre\bin\verify.dll
0x00007ffb86600000 - 0x00007ffb86629000 	C:\Program Files\Android\Android Studio\jre\jre\bin\java.dll
0x00007ffb86d70000 - 0x00007ffb86d86000 	C:\Program Files\Android\Android Studio\jre\jre\bin\zip.dll
0x00007ffba67b0000 - 0x00007ffba6ef4000 	C:\WINDOWS\System32\SHELL32.dll
0x00007ffba2f00000 - 0x00007ffba3695000 	C:\WINDOWS\SYSTEM32\windows.storage.dll
0x00007ffba7560000 - 0x00007ffba78b5000 	C:\WINDOWS\System32\combase.dll
0x00007ffba4b40000 - 0x00007ffba4b6e000 	C:\WINDOWS\SYSTEM32\Wldp.dll
0x00007ffba6700000 - 0x00007ffba67ad000 	C:\WINDOWS\System32\SHCORE.dll
0x00007ffba5e50000 - 0x00007ffba5ea5000 	C:\WINDOWS\System32\shlwapi.dll
0x00007ffba5100000 - 0x00007ffba511f000 	C:\WINDOWS\SYSTEM32\profapi.dll
0x00007ffb86bc0000 - 0x00007ffb86bda000 	C:\Program Files\Android\Android Studio\jre\jre\bin\net.dll
0x00007ffba48a0000 - 0x00007ffba490a000 	C:\WINDOWS\system32\mswsock.dll
0x00007ffb868f0000 - 0x00007ffb86903000 	C:\Program Files\Android\Android Studio\jre\jre\bin\nio.dll
0x00007ffb78740000 - 0x00007ffb78767000 	C:\Users\79507\.gradle\native\f6784746aeab05261644944871eae4fe03e0ef1612fff0a4a95f87b438bc6780\windows-amd64\native-platform.dll
0x00007ffb9ca60000 - 0x00007ffb9ca6d000 	C:\Program Files\Android\Android Studio\jre\jre\bin\management.dll
0x00007ffba4a90000 - 0x00007ffba4aa8000 	C:\WINDOWS\SYSTEM32\CRYPTSP.dll
0x00007ffba4220000 - 0x00007ffba4254000 	C:\WINDOWS\system32\rsaenh.dll
0x00007ffba51c0000 - 0x00007ffba51e7000 	C:\WINDOWS\System32\bcrypt.dll
0x00007ffba50c0000 - 0x00007ffba50ee000 	C:\WINDOWS\SYSTEM32\USERENV.dll
0x00007ffba5270000 - 0x00007ffba52f2000 	C:\WINDOWS\System32\bcryptprimitives.dll
0x00007ffba4ab0000 - 0x00007ffba4abc000 	C:\WINDOWS\SYSTEM32\CRYPTBASE.dll
0x00007ffba4590000 - 0x00007ffba45cb000 	C:\WINDOWS\SYSTEM32\IPHLPAPI.DLL
0x00007ffba61d0000 - 0x00007ffba61d8000 	C:\WINDOWS\System32\NSI.dll
0x00007ffb965c0000 - 0x00007ffb965d7000 	C:\WINDOWS\SYSTEM32\dhcpcsvc6.DLL
0x00007ffb965a0000 - 0x00007ffb965bd000 	C:\WINDOWS\SYSTEM32\dhcpcsvc.DLL
0x00007ffba45d0000 - 0x00007ffba469b000 	C:\WINDOWS\SYSTEM32\DNSAPI.dll
0x00007ffb98e60000 - 0x00007ffb98e6b000 	C:\WINDOWS\SYSTEM32\WINNSI.DLL

VM Arguments:
jvm_args: -Xmx1536M -Dfile.encoding=windows-1251 -Duser.country=RU -Duser.language=ru -Duser.variant 
java_command: org.gradle.launcher.daemon.bootstrap.GradleDaemon 6.5
java_class_path (initial): C:\Users\79507\.gradle\wrapper\dists\gradle-6.5-bin\6nifqtx7604sqp1q6g8wikw7p\gradle-6.5\lib\gradle-launcher-6.5.jar
Launcher Type: SUN_STANDARD

Environment Variables:
PATH=C:\ProgramData\Oracle\Java\javapath;C:\Program Files (x86)\Intel\Intel(R) Management Engine Components\iCLS\;C:\Program Files\Intel\Intel(R) Management Engine Components\iCLS\;C:\WINDOWS\system32;C:\WINDOWS;C:\WINDOWS\System32\Wbem;C:\WINDOWS\System32\WindowsPowerShell\v1.0\;C:\WINDOWS\System32\OpenSSH\;C:\Program Files (x86)\Intel\Intel(R) Management Engine Components\DAL;C:\Program Files\Intel\Intel(R) Management Engine Components\DAL;C:\Program Files (x86)\Intel\Intel(R) Management Engine Components\IPT;C:\Program Files\Intel\Intel(R) Management Engine Components\IPT;C:\Program Files\Git\cmd;C:\Users\79507\AppData\Local\Microsoft\WindowsApps
USERNAME=79507
OS=Windows_NT
PROCESSOR_IDENTIFIER=Intel64 Family 6 Model 142 Stepping 10, GenuineIntel



---------------  S Y S T E M  ---------------

OS: Windows 10.0 , 64 bit Build 19041 (10.0.19041.1466)

CPU:total 4 (initial active 4) (2 cores per cpu, 2 threads per core) family 6 model 142 stepping 10, cmov, cx8, fxsr, mmx, sse, sse2, sse3, ssse3, sse4.1, sse4.2, popcnt, avx, avx2, aes, clmul, erms, 3dnowpref, lzcnt, ht, tsc, tscinvbit, bmi1, bmi2, adx

Memory: 4k page, physical 12485772k(1953972k free), swap 15045772k(6228k free)

vm_info: OpenJDK 64-Bit Server VM (25.242-b01) for windows-amd64 JRE (1.8.0_242-release-1644-b01), built by "builder" with MS VC++ 10.0 (VS2010)

time: Wed Feb 02 12:15:35 2022
timezone: RTZ 4 (зима)
elapsed time: 18 seconds (0d 0h 0m 18s)

